2022-07-27 15:39:21,089	INFO	Started server process [81769]
2022-07-27 15:39:21,089	INFO	Waiting for application startup.
2022-07-27 15:39:21,089	INFO	Application startup complete.
2022-07-27 15:39:21,089	INFO	Uvicorn running on http://127.0.0.1:8000 (Press CTRL+C to quit)
2022-07-27 15:39:50,484	INFO	Shutting down
2022-07-27 15:39:50,590	INFO	Waiting for application shutdown.
2022-07-27 15:39:50,924	INFO	ASGI 'lifespan' protocol appears unsupported.
2022-07-27 15:39:50,924	INFO	Application shutdown complete.
2022-07-27 15:39:50,924	INFO	Finished server process [81769]
2022-07-27 15:39:54,559	INFO	Started server process [81813]
2022-07-27 15:39:54,560	INFO	Waiting for application startup.
2022-07-27 15:39:54,560	INFO	Application startup complete.
2022-07-27 15:39:54,560	INFO	Uvicorn running on http://127.0.0.1:8000 (Press CTRL+C to quit)
2022-07-27 15:43:57,262	INFO	Shutting down
2022-07-27 15:43:57,364	INFO	Waiting for application shutdown.
2022-07-27 15:43:57,688	INFO	ASGI 'lifespan' protocol appears unsupported.
2022-07-27 15:43:57,688	INFO	Application shutdown complete.
2022-07-27 15:43:57,688	INFO	Finished server process [81813]
2022-07-27 15:43:59,113	INFO	Started server process [82057]
2022-07-27 15:43:59,114	INFO	Waiting for application startup.
2022-07-27 15:43:59,114	INFO	Application startup complete.
2022-07-27 15:43:59,115	INFO	Uvicorn running on http://127.0.0.1:8000 (Press CTRL+C to quit)
2022-07-27 15:44:47,887	INFO	Shutting down
2022-07-27 15:44:47,989	INFO	Waiting for application shutdown.
2022-07-27 15:44:48,159	INFO	ASGI 'lifespan' protocol appears unsupported.
2022-07-27 15:44:48,160	INFO	Application shutdown complete.
2022-07-27 15:44:48,160	INFO	Finished server process [82057]
2022-07-27 15:44:49,657	INFO	Started server process [82130]
2022-07-27 15:44:49,657	INFO	Waiting for application startup.
2022-07-27 15:44:49,657	INFO	Application startup complete.
2022-07-27 15:44:49,658	INFO	Uvicorn running on http://127.0.0.1:8000 (Press CTRL+C to quit)
2022-07-27 15:45:04,310	INFO	Shutting down
2022-07-27 15:45:04,415	INFO	Waiting for application shutdown.
2022-07-27 15:45:04,584	INFO	ASGI 'lifespan' protocol appears unsupported.
2022-07-27 15:45:04,585	INFO	Application shutdown complete.
2022-07-27 15:45:04,585	INFO	Finished server process [82130]
2022-07-27 15:45:06,151	INFO	Started server process [82153]
2022-07-27 15:45:06,151	INFO	Waiting for application startup.
2022-07-27 15:45:06,151	INFO	Application startup complete.
2022-07-27 15:45:06,152	INFO	Uvicorn running on http://127.0.0.1:8000 (Press CTRL+C to quit)
2022-07-27 15:46:51,063	INFO	Shutting down
2022-07-27 15:46:51,168	INFO	Waiting for application shutdown.
2022-07-27 15:46:51,339	INFO	ASGI 'lifespan' protocol appears unsupported.
2022-07-27 15:46:51,339	INFO	Application shutdown complete.
2022-07-27 15:46:51,339	INFO	Finished server process [82153]
2022-07-27 15:46:52,711	INFO	Started server process [82262]
2022-07-27 15:46:52,712	INFO	Waiting for application startup.
2022-07-27 15:46:52,712	INFO	Application startup complete.
2022-07-27 15:46:52,712	INFO	Uvicorn running on http://127.0.0.1:8000 (Press CTRL+C to quit)
2022-07-27 15:46:57,627	INFO	get request
2022-07-27 15:47:22,131	INFO	get request
2022-07-27 15:49:25,789	INFO	Shutting down
2022-07-27 15:49:25,891	INFO	Waiting for application shutdown.
2022-07-27 15:49:26,061	INFO	ASGI 'lifespan' protocol appears unsupported.
2022-07-27 15:49:26,061	INFO	Application shutdown complete.
2022-07-27 15:49:26,061	INFO	Finished server process [82262]
2022-07-27 15:49:27,414	INFO	Started server process [82493]
2022-07-27 15:49:27,414	INFO	Waiting for application startup.
2022-07-27 15:49:27,415	INFO	Application startup complete.
2022-07-27 15:49:27,415	INFO	Uvicorn running on http://127.0.0.1:8000 (Press CTRL+C to quit)
2022-07-27 15:49:30,144	INFO	('get request',)
2022-07-27 15:49:47,278	INFO	Shutting down
2022-07-27 15:49:47,383	INFO	Waiting for application shutdown.
2022-07-27 15:49:47,560	INFO	ASGI 'lifespan' protocol appears unsupported.
2022-07-27 15:49:47,560	INFO	Application shutdown complete.
2022-07-27 15:49:47,560	INFO	Finished server process [82493]
2022-07-27 15:49:48,891	INFO	Started server process [82519]
2022-07-27 15:49:48,891	INFO	Waiting for application startup.
2022-07-27 15:49:48,892	INFO	Application startup complete.
2022-07-27 15:49:48,892	INFO	Uvicorn running on http://127.0.0.1:8000 (Press CTRL+C to quit)
2022-07-27 15:49:53,365	INFO	get request
2022-07-27 15:50:08,406	INFO	Shutting down
2022-07-27 15:50:08,511	INFO	Waiting for application shutdown.
2022-07-27 15:50:08,701	INFO	ASGI 'lifespan' protocol appears unsupported.
2022-07-27 15:50:08,701	INFO	Application shutdown complete.
2022-07-27 15:50:08,701	INFO	Finished server process [82519]
2022-07-27 15:50:09,950	INFO	Started server process [82545]
2022-07-27 15:50:09,951	INFO	Waiting for application startup.
2022-07-27 15:50:09,951	INFO	Application startup complete.
2022-07-27 15:50:09,951	INFO	Uvicorn running on http://127.0.0.1:8000 (Press CTRL+C to quit)
2022-07-27 15:50:36,470	INFO	Shutting down
2022-07-27 15:50:36,572	INFO	Waiting for application shutdown.
2022-07-27 15:50:36,762	INFO	ASGI 'lifespan' protocol appears unsupported.
2022-07-27 15:50:36,763	INFO	Application shutdown complete.
2022-07-27 15:50:36,763	INFO	Finished server process [82545]
2022-07-27 15:51:16,385	INFO	Started server process [82622]
2022-07-27 15:51:16,386	INFO	Waiting for application startup.
2022-07-27 15:51:16,386	INFO	Application startup complete.
2022-07-27 15:51:16,386	INFO	Uvicorn running on http://127.0.0.1:8000 (Press CTRL+C to quit)
2022-07-27 15:51:18,548	INFO	Shutting down
2022-07-27 15:51:18,652	INFO	Waiting for application shutdown.
2022-07-27 15:51:18,653	INFO	Application shutdown complete.
2022-07-27 15:51:18,653	INFO	Finished server process [82622]
2022-07-27 16:04:21,585	INFO	Started server process [83605]
2022-07-27 16:04:21,586	INFO	Waiting for application startup.
2022-07-27 16:04:21,586	INFO	Application startup complete.
2022-07-27 16:04:21,587	INFO	Uvicorn running on http://127.0.0.1:8000 (Press CTRL+C to quit)
2022-07-27 16:04:23,969	INFO	get request
2022-07-27 16:08:24,908	INFO	Shutting down
2022-07-27 16:08:25,010	INFO	Waiting for application shutdown.
2022-07-27 16:08:25,011	INFO	Application shutdown complete.
2022-07-27 16:08:25,012	INFO	Finished server process [83605]
2022-07-27 16:11:38,724	INFO	Started server process [72]
2022-07-27 16:11:38,725	INFO	Waiting for application startup.
2022-07-27 16:11:38,727	INFO	Application startup complete.
2022-07-27 16:11:38,728	INFO	Uvicorn running on http://0.0.0.0:8000 (Press CTRL+C to quit)
2022-07-27 16:12:29,020	INFO	get request
